<?xml version="1.0" encoding="UTF-8"?>
<robot generator="Robot 7.2 (Python 3.13.1 on win32)" generated="2025-01-28T15:06:54.677956" rpa="false" schemaversion="5">
<suite id="s1" name="Dependent Tests" source="C:\afyangu-tests\Tests\dependent_tests.robot">
<test id="s1-t1" name="Add New Dependent" line="10">
<kw name="Open Profile Page" owner="dependents_keywords" type="SETUP">
<kw name="Open Browser" owner="SeleniumLibrary">
<msg time="2025-01-28T15:06:55.530608" level="INFO">Opening browser 'chrome' to base url 'https://afyangu.kenya-hie.health/my-profile'.</msg>
<arg>${PROFILE_URL}</arg>
<arg>${BROWSER}</arg>
<doc>Opens a new browser instance to the optional ``url``.</doc>
<status status="PASS" start="2025-01-28T15:06:55.529660" elapsed="8.379880"/>
</kw>
<kw name="Maximize Browser Window" owner="SeleniumLibrary">
<doc>Maximizes current browser window.</doc>
<status status="PASS" start="2025-01-28T15:07:03.909943" elapsed="0.071149"/>
</kw>
<kw name="Set Selenium Implicit Wait" owner="SeleniumLibrary">
<arg>10</arg>
<doc>Sets the implicit wait value used by Selenium.</doc>
<status status="PASS" start="2025-01-28T15:07:03.981500" elapsed="0.023500"/>
</kw>
<status status="PASS" start="2025-01-28T15:06:55.528745" elapsed="8.477712"/>
</kw>
<kw name="Open Dependents Tab" owner="dependents_keywords">
<kw name="Wait Until Element Is Visible" owner="SeleniumLibrary">
<msg time="2025-01-28T15:07:24.799350" level="INFO" html="true">&lt;/td&gt;&lt;/tr&gt;&lt;tr&gt;&lt;td colspan="3"&gt;&lt;a href="selenium-screenshot-19.png"&gt;&lt;img src="selenium-screenshot-19.png" width="800px"&gt;&lt;/a&gt;</msg>
<msg time="2025-01-28T15:07:24.800012" level="FAIL">Element 'css=button.my-profile_tab_item__QO1CY' not visible after 20 seconds.</msg>
<arg>${DEPENDENTS_TAB}</arg>
<arg>${TIMEOUT}</arg>
<doc>Waits until the element ``locator`` is visible.</doc>
<status status="FAIL" start="2025-01-28T15:07:04.010536" elapsed="20.801069">Element 'css=button.my-profile_tab_item__QO1CY' not visible after 20 seconds.</status>
</kw>
<kw name="Click Element" owner="SeleniumLibrary">
<arg>${DEPENDENTS_TAB}</arg>
<doc>Click the element identified by ``locator``.</doc>
<status status="NOT RUN" start="2025-01-28T15:07:24.812113" elapsed="0.000157"/>
</kw>
<kw name="Sleep" owner="BuiltIn">
<arg>2s</arg>
<doc>Pauses the test executed for the given time.</doc>
<status status="NOT RUN" start="2025-01-28T15:07:24.812622" elapsed="0.000077"/>
</kw>
<kw name="Log" owner="BuiltIn">
<arg>Opened Dependents tab</arg>
<doc>Logs the given message with the given level.</doc>
<status status="NOT RUN" start="2025-01-28T15:07:24.812933" elapsed="0.000065"/>
</kw>
<status status="FAIL" start="2025-01-28T15:07:04.009570" elapsed="20.803746">Element 'css=button.my-profile_tab_item__QO1CY' not visible after 20 seconds.</status>
</kw>
<kw name="Click Add Dependent" owner="dependents_keywords">
<status status="NOT RUN" start="2025-01-28T15:07:24.814361" elapsed="0.000147"/>
</kw>
<kw name="Select Relationship Type" owner="dependents_keywords">
<status status="NOT RUN" start="2025-01-28T15:07:24.819002" elapsed="0.000111"/>
</kw>
<kw name="Select Age Group" owner="dependents_keywords">
<status status="NOT RUN" start="2025-01-28T15:07:24.819709" elapsed="0.000101"/>
</kw>
<kw name="Close Afyangu Website" owner="common" type="TEARDOWN">
<kw name="Close All Browsers" owner="SeleniumLibrary">
<doc>Closes all open browsers and resets the browser cache.</doc>
<status status="PASS" start="2025-01-28T15:07:24.821236" elapsed="2.605510"/>
</kw>
<status status="PASS" start="2025-01-28T15:07:24.820650" elapsed="2.606332"/>
</kw>
<doc>Add a new dependent from profile page</doc>
<timeout value="5 minutes"/>
<status status="FAIL" start="2025-01-28T15:06:55.527587" elapsed="31.899814">Element 'css=button.my-profile_tab_item__QO1CY' not visible after 20 seconds.</status>
</test>
<doc>Add Dependent tests for Afyangu Health Website</doc>
<status status="FAIL" start="2025-01-28T15:06:54.682316" elapsed="32.747518"/>
</suite>
<statistics>
<total>
<stat pass="0" fail="1" skip="0">All Tests</stat>
</total>
<tag>
</tag>
<suite>
<stat name="Dependent Tests" id="s1" pass="0" fail="1" skip="0">Dependent Tests</stat>
</suite>
</statistics>
<errors>
</errors>
</robot>
